2023-03-09 16:20:41 - Request : {"document":{"name":"C:\\xampp\\tmp\\php28B7.tmp","mime":"application\/pdf","postname":"Dokumen1.7 (1).pdf"},"signature":"[{\"email\":\"test@gmail.com\",\"detail\":[{\"p\":1,\"x\":151,\"y\":138,\"w\":39,\"h\":19}]}]"}
2023-03-09 16:25:39 - Request : {"document":{"name":"C:\\xampp\\tmp\\phpB7D5.tmp","mime":"application\/pdf","postname":"Dokumen1.7 (1).pdf"},"signature":"[{\"email\":\"test@gmail.com\",\"detail\":[{\"p\":1,\"x\":151,\"y\":138,\"w\":39,\"h\":19}]}]"}
2023-03-09 16:26:07 - Request : {"document":{"name":"C:\\xampp\\tmp\\php2267.tmp","mime":"application\/pdf","postname":"Dokumen1.7 (1).pdf"},"signature":"[{\"email\":\"herukhoeruman110@gmail.com\",\"detail\":[{\"p\":1,\"x\":91,\"y\":69,\"w\":24,\"h\":12}]}]"}
2023-03-09 16:27:06 - Request : {"document":{"name":"C:\\xampp\\tmp\\php8F0.tmp","mime":"application\/pdf","postname":"Dokumen1.7 (1).pdf"},"signature":"[{\"email\":\"herukhoeruman110@gmail.com\",\"detail\":[{\"p\":1,\"x\":91,\"y\":69,\"w\":24,\"h\":12}]}]"}
2023-03-09 16:27:30 - Request : {"document":{"name":"C:\\xampp\\tmp\\php6615.tmp","mime":"application\/pdf","postname":"Dokumen1.7 (1).pdf"},"signature":"[{\"email\":\"herukhoeruman110@gmail.com\",\"detail\":[{\"p\":1,\"x\":91,\"y\":69,\"w\":24,\"h\":12}]}]"}
2023-03-09 16:28:09 - Request : {"document":{"name":"C:\\xampp\\tmp\\phpFEDB.tmp","mime":"application\/pdf","postname":"Dokumen1.7 (1).pdf"},"signature":"[{\"email\":\"herukhoeruman110@gmail.com\",\"detail\":[{\"p\":1,\"x\":91,\"y\":69,\"w\":24,\"h\":12}]}]"}
2023-03-09 16:32:14 - Request : {"document":{"name":"C:\\xampp\\tmp\\phpBB77.tmp","mime":"application\/pdf","postname":"Dokumen1.7 (1).pdf"},"signature":"[{\"email\":\"herukhoeruman110@gmail.com\",\"detail\":[{\"p\":1,\"x\":91,\"y\":69,\"w\":24,\"h\":12}]}]"}
2023-03-09 16:32:18 - Request : {"document":{"name":"C:\\xampp\\tmp\\phpCC41.tmp","mime":"application\/pdf","postname":"Dokumen1.7 (1).pdf"},"signature":"[{\"email\":\"herukhoeruman110@gmail.com\",\"detail\":[{\"p\":1,\"x\":91,\"y\":69,\"w\":24,\"h\":12}]}]"}
2023-03-09 16:32:52 - Request : {"document":{"name":"C:\\xampp\\tmp\\php516F.tmp","mime":"application\/pdf","postname":"Dokumen1.7 (1).pdf"},"signature":"[{\"email\":\"herukhoeruman110@gmail.com\",\"detail\":[{\"p\":1,\"x\":91,\"y\":69,\"w\":24,\"h\":12}]}]"}
2023-03-09 16:33:11 - Request : {"document":{"name":"C:\\xampp\\tmp\\php9B6A.tmp","mime":"application\/pdf","postname":"Dokumen1.7 (1).pdf"},"signature":"[{\"email\":\"herukhoeruman110@gmail.com\",\"detail\":[{\"p\":1,\"x\":91,\"y\":69,\"w\":24,\"h\":12}]}]"}
2023-03-09 16:33:29 - Request : {"document":{"name":"C:\\xampp\\tmp\\phpE18C.tmp","mime":"application\/pdf","postname":"Dokumen1.7 (1).pdf"},"signature":"[{\"email\":\"herukhoeruman110@gmail.com\",\"detail\":[{\"p\":1,\"x\":91,\"y\":69,\"w\":24,\"h\":12}]}]"}
2023-03-09 16:33:36 - Request : {"document":{"name":"C:\\xampp\\tmp\\phpFC78.tmp","mime":"application\/pdf","postname":"Dokumen1.7 (1).pdf"},"signature":"[{\"email\":\"herukhoeruman110@gmail.com\",\"detail\":[{\"p\":1,\"x\":91,\"y\":69,\"w\":24,\"h\":12}]}]"}
2023-03-09 16:35:22 - Request : {"document":{"name":"C:\\xampp\\tmp\\php9CFA.tmp","mime":"application\/pdf","postname":"Dokumen1.7 (1).pdf"},"signature":"[{\"email\":\"herukhoeruman110@gmail.com\",\"detail\":[{\"p\":1,\"x\":91,\"y\":69,\"w\":24,\"h\":12}]}]"}
2023-03-09 16:35:44 - Request : {"document":{"name":"C:\\xampp\\tmp\\phpF06A.tmp","mime":"application\/pdf","postname":"Dokumen1.7 (1).pdf"},"signature":"[{\"email\":\"herukhoeruman110@gmail.com\",\"detail\":[{\"p\":1,\"x\":91,\"y\":69,\"w\":24,\"h\":12}]}]"}
2023-03-09 16:37:17 - Request : {"document":{"name":"C:\\xampp\\tmp\\php5D0B.tmp","mime":"application\/pdf","postname":"Dokumen (4).pdf"},"signature":"[{\"email\":\"heru@gmail.com\",\"detail\":[{\"p\":1,\"x\":138,\"y\":141,\"w\":43,\"h\":21}]}]"}
2023-03-09 16:40:37 - Request : {"document":{"name":"C:\\xampp\\tmp\\php6B36.tmp","mime":"application\/pdf","postname":"Dokumen (4).pdf"},"signature":"[{\"email\":\"heru@gmail.com\",\"detail\":[{\"p\":1,\"x\":138,\"y\":141,\"w\":43,\"h\":21}]}]"}
2023-03-09 16:40:45 - Request : {"document":{"name":"C:\\xampp\\tmp\\php8B04.tmp","mime":"application\/pdf","postname":"Dokumen (4).pdf"},"signature":"[{\"email\":\"heru@gmail.com\",\"detail\":[{\"p\":1,\"x\":138,\"y\":141,\"w\":43,\"h\":21}]}]"}
2023-03-09 16:41:16 - Request : {"document":{"name":"C:\\xampp\\tmp\\php3AF.tmp","mime":"application\/pdf","postname":"Dokumen1.7 (1).pdf"},"signature":"[{\"email\":\"udin@gsp.co.id\",\"detail\":[{\"p\":1,\"x\":149,\"y\":136,\"w\":24,\"h\":12}]}]"}
2023-03-09 16:53:57 - Request : {"document":{"name":"C:\\xampp\\tmp\\php9EF2.tmp","mime":"application\/pdf","postname":"Dokumen1.7 (1).pdf"},"signature":"[{\"email\":\"udin@gsp.co.id\",\"detail\":[{\"p\":1,\"x\":149,\"y\":136,\"w\":24,\"h\":12}]}]"}
2023-03-09 16:54:29 - Request : {"document":{"name":"C:\\xampp\\tmp\\php1B47.tmp","mime":"application\/pdf","postname":"Dokumen1.7 (1).pdf"},"signature":"[{\"email\":\"udin@gsp.co.id\",\"detail\":[{\"p\":1,\"x\":149,\"y\":136,\"w\":24,\"h\":12}]}]"}
2023-03-09 16:54:51 - Request : {"document":{"name":"C:\\xampp\\tmp\\php7128.tmp","mime":"application\/pdf","postname":"Dokumen1.7 (1).pdf"},"signature":"[{\"email\":\"udin@gsp.co.id\",\"detail\":[{\"p\":1,\"x\":149,\"y\":136,\"w\":24,\"h\":12}]}]"}
2023-03-09 16:55:36 - Request : {"document":{"name":"C:\\xampp\\tmp\\php2084.tmp","mime":"application\/pdf","postname":"Dokumen1.7 (1).pdf"},"signature":"[{\"email\":\"udin@gsp.co.id\",\"detail\":[{\"p\":1,\"x\":149,\"y\":136,\"w\":24,\"h\":12}]}]"}
2023-03-09 16:56:59 - Request : {"document":{"name":"C:\\xampp\\tmp\\php6588.tmp","mime":"application\/pdf","postname":"Dokumen1.7 (1).pdf"},"signature":"[{\"email\":\"udin@gsp.co.id\",\"detail\":[{\"p\":1,\"x\":149,\"y\":136,\"w\":24,\"h\":12}]}]"}
2023-03-09 17:01:09 - Request : {"document":{"name":"C:\\xampp\\tmp\\php3594.tmp","mime":"application\/pdf","postname":"Dokumen1.7 (1).pdf"},"signature":"[{\"email\":\"udin@gsp.co.id\",\"detail\":[{\"p\":1,\"x\":149,\"y\":136,\"w\":24,\"h\":12}]}]"}
2023-03-09 17:01:13 - Request : {"document":{"name":"C:\\xampp\\tmp\\php4544.tmp","mime":"application\/pdf","postname":"Dokumen1.7 (1).pdf"},"signature":"[{\"email\":\"udin@gsp.co.id\",\"detail\":[{\"p\":1,\"x\":149,\"y\":136,\"w\":24,\"h\":12}]}]"}
2023-03-09 17:02:42 - Request : {"document":{"name":"C:\\xampp\\tmp\\phpA090.tmp","mime":"application\/pdf","postname":"Dokumen1.7 (1).pdf"},"signature":"[{\"email\":\"udin@gsp.co.id\",\"detail\":[{\"p\":1,\"x\":149,\"y\":136,\"w\":24,\"h\":12}]}]"}
