2023-03-10 08:28:08 - Request : {"document":{"name":"C:\\xampp\\tmp\\phpE4C6.tmp","mime":"application\/pdf","postname":"Dokumen1.7 (1).pdf"},"signature":"[{\"email\":\"udin@gsp.co.id\",\"detail\":[{\"p\":1,\"x\":149,\"y\":136,\"w\":24,\"h\":12}]}]"}
2023-03-10 08:29:04 - Request : {"document":{"name":"C:\\xampp\\tmp\\phpBFD5.tmp","mime":"application\/pdf","postname":"Dokumen1.7 (1).pdf"},"signature":"[{\"email\":\"udin@gsp.co.id\",\"detail\":[{\"p\":1,\"x\":149,\"y\":136,\"w\":24,\"h\":12}]}]"}
2023-03-10 08:29:49 - Request : {"document":{"name":"C:\\xampp\\tmp\\php6D1D.tmp","mime":"application\/pdf","postname":"Dokumen1.7 (1).pdf"},"signature":"[{\"email\":\"udin@gsp.co.id\",\"detail\":[{\"p\":1,\"x\":149,\"y\":136,\"w\":24,\"h\":12}]}]"}
2023-03-10 08:34:53 - Request : {"document":{"name":"C:\\xampp\\tmp\\php10CD.tmp","mime":"application\/pdf","postname":"Dokumen1.7 (1).pdf"},"signature":"[{\"email\":\"udin@gsp.co.id\",\"detail\":[{\"p\":1,\"x\":149,\"y\":136,\"w\":24,\"h\":12}]}]"}
2023-03-10 08:43:54 - Request : {"document":{"name":"C:\\xampp\\tmp\\php5301.tmp","mime":"application\/pdf","postname":"Dokumen1.7 (1).pdf"},"signature":"[{\"email\":\"udin@gsp.co.id\",\"detail\":[{\"p\":1,\"x\":149,\"y\":136,\"w\":24,\"h\":12}]}]"}
2023-03-10 08:44:20 - Request : {"document":{"name":"C:\\xampp\\tmp\\phpB90F.tmp","mime":"application\/pdf","postname":"Dokumen1.7 (1).pdf"},"signature":"[{\"email\":\"udin@gsp.co.id\",\"detail\":[{\"p\":1,\"x\":149,\"y\":136,\"w\":24,\"h\":12}]}]"}
2023-03-10 08:44:44 - Request : {"document":{"name":"C:\\xampp\\tmp\\php1578.tmp","mime":"application\/pdf","postname":"Dokumen1.7 (1).pdf"},"signature":"[{\"email\":\"udin@gsp.co.id\",\"detail\":[{\"p\":1,\"x\":149,\"y\":136,\"w\":24,\"h\":12}]}]"}
2023-03-10 08:45:57 - Request : {"document":{"name":"C:\\xampp\\tmp\\php3466.tmp","mime":"application\/pdf","postname":"Dokumen1.7 (1).pdf"},"signature":"[{\"email\":\"udin@gsp.co.id\",\"detail\":[{\"p\":1,\"x\":149,\"y\":136,\"w\":24,\"h\":12}]}]"}
2023-03-10 08:46:20 - Request : {"document":{"name":"C:\\xampp\\tmp\\php8E20.tmp","mime":"application\/pdf","postname":"Dokumen1.7 (1).pdf"},"signature":"[{\"email\":\"udin@gsp.co.id\",\"detail\":[{\"p\":1,\"x\":149,\"y\":136,\"w\":24,\"h\":12}]}]"}
2023-03-10 08:46:49 - Request : {"document":{"name":"C:\\xampp\\tmp\\phpFFD6.tmp","mime":"application\/pdf","postname":"Dokumen1.7 (1).pdf"},"signature":"[{\"email\":\"udin@gsp.co.id\",\"detail\":[{\"p\":1,\"x\":149,\"y\":136,\"w\":24,\"h\":12}]}]"}
2023-03-10 08:55:31 - Request : {"document":{"name":"C:\\xampp\\tmp\\phpF6C8.tmp","mime":"application\/pdf","postname":"Dokumen1.7 (1).pdf"},"signature":"[{\"email\":\"udin@gsp.co.id\",\"detail\":[{\"p\":1,\"x\":149,\"y\":136,\"w\":24,\"h\":12}]}]"}
2023-03-10 08:56:04 - Request : {"document":{"name":"C:\\xampp\\tmp\\php77A1.tmp","mime":"application\/pdf","postname":"Dokumen1.7 (1).pdf"},"signature":"[{\"email\":\"udin@gsp.co.id\",\"detail\":[{\"p\":1,\"x\":149,\"y\":136,\"w\":24,\"h\":12}]}]"}
2023-03-10 08:57:07 - Request : {"document":{"name":"C:\\xampp\\tmp\\php6C72.tmp","mime":"application\/pdf","postname":"Dokumen1.7 (1).pdf"},"signature":"[{\"email\":\"udin@gsp.co.id\",\"detail\":[{\"p\":1,\"x\":149,\"y\":136,\"w\":24,\"h\":12}]}]"}
2023-03-10 08:58:21 - Request : {"document":{"name":"C:\\xampp\\tmp\\php8FD5.tmp","mime":"application\/pdf","postname":"Dokumen1.7 (1).pdf"},"signature":"[{\"email\":\"udin@gsp.co.id\",\"detail\":[{\"p\":1,\"x\":149,\"y\":136,\"w\":24,\"h\":12}]}]"}
2023-03-10 09:17:14 - Request : {"document":{"name":"C:\\xampp\\tmp\\phpD817.tmp","mime":"application\/pdf","postname":"Dokumen1.7 (1).pdf"},"signature":"[{\"email\":\"udin@gsp.co.id\",\"detail\":[{\"p\":1,\"x\":149,\"y\":136,\"w\":24,\"h\":12}]}]"}
2023-03-10 09:17:45 - Request : {"document":{"name":"C:\\xampp\\tmp\\php50B3.tmp","mime":"application\/pdf","postname":"Dokumen1.7 (1).pdf"},"signature":"[{\"email\":\"udin@gsp.co.id\",\"detail\":[{\"p\":1,\"x\":149,\"y\":136,\"w\":24,\"h\":12}]}]"}
2023-03-10 09:18:17 - Request : {"document":{"name":"C:\\xampp\\tmp\\phpCD28.tmp","mime":"application\/pdf","postname":"Dokumen1.7 (1).pdf"},"signature":"[{\"email\":\"udin@gsp.co.id\",\"detail\":[{\"p\":1,\"x\":149,\"y\":136,\"w\":24,\"h\":12}]}]"}
2023-03-10 09:36:47 - Request : {"document":{"name":"C:\\xampp\\tmp\\phpBC7C.tmp","mime":"application\/pdf","postname":"Dokumen1.7 (1).pdf"},"signature":"[{\"email\":\"udin@gsp.co.id\",\"detail\":[{\"p\":1,\"x\":149,\"y\":136,\"w\":24,\"h\":12}]}]"}
2023-03-10 09:38:14 - Request : {"document":{"name":"C:\\xampp\\tmp\\php12C6.tmp","mime":"application\/pdf","postname":"Dokumen v1.7.pdf"},"signature":"[{\"email\":\"heru@gmail.com\",\"detail\":[{\"p\":1,\"x\":140,\"y\":139,\"w\":39,\"h\":19}]}]"}
2023-03-10 09:38:42 - Request : {"document":{"name":"C:\\xampp\\tmp\\php7D68.tmp","mime":"application\/pdf","postname":"Dokumen v1.7.pdf"},"signature":"[{\"email\":\"heru@gmail.com\",\"detail\":[{\"p\":1,\"x\":140,\"y\":139,\"w\":39,\"h\":19}]}]"}
2023-03-10 09:39:06 - Request : {"document":{"name":"C:\\xampp\\tmp\\phpDCCF.tmp","mime":"application\/pdf","postname":"Dokumen v1.7.pdf"},"signature":"[{\"email\":\"heru@gmail.com\",\"detail\":[{\"p\":1,\"x\":140,\"y\":139,\"w\":39,\"h\":19}]}]"}
2023-03-10 09:40:53 - Request : {"document":{"name":"C:\\xampp\\tmp\\php7DCE.tmp","mime":"application\/pdf","postname":"Dokumen v1.7.pdf"},"signature":"[{\"email\":\"heru@gmail.com\",\"detail\":[{\"p\":1,\"x\":145,\"y\":65,\"w\":24,\"h\":12}]}]"}
2023-03-10 09:42:58 - Request : {"document":{"name":"C:\\xampp\\tmp\\php6617.tmp","mime":"application\/pdf","postname":"Dokumen v1.7.pdf"},"signature":"[{\"email\":\"heru@gmail.com\",\"detail\":[{\"p\":1,\"x\":145,\"y\":65,\"w\":24,\"h\":12}]}]"}
2023-03-10 09:43:38 - Request : {"document":{"name":"C:\\xampp\\tmp\\php4C9.tmp","mime":"application\/pdf","postname":"Dokumen v1.7.pdf"},"signature":"[{\"email\":\"heru@gmail.com\",\"detail\":[{\"p\":1,\"x\":145,\"y\":65,\"w\":24,\"h\":12}]}]"}
2023-03-10 09:44:07 - Request : {"document":{"name":"C:\\xampp\\tmp\\php7612.tmp","mime":"application\/pdf","postname":"Dokumen (4).pdf"},"signature":"[{\"email\":\"herukhoeruman110@gmail.com\",\"detail\":[{\"p\":1,\"x\":0,\"y\":0,\"w\":0,\"h\":0}]}]"}
2023-03-10 09:49:00 - Request : {"document":{"name":"C:\\xampp\\tmp\\phpED63.tmp","mime":"application\/pdf","postname":"Dokumen v1.7.pdf"},"signature":"[{\"email\":\"herukhoeruman110@gmail.com\",\"detail\":[{\"p\":1,\"x\":138,\"y\":41,\"w\":24,\"h\":12}]}]"}
2023-03-10 09:49:17 - Request : {"document":{"name":"C:\\xampp\\tmp\\php3077.tmp","mime":"application\/pdf","postname":"Dokumen (4).pdf"},"signature":"[{\"email\":\"herukhoeruman110@gmail.com\",\"detail\":[{\"p\":1,\"x\":119,\"y\":38,\"w\":24,\"h\":12}]}]"}
2023-03-10 09:49:46 - Request : {"document":{"name":"C:\\xampp\\tmp\\phpA069.tmp","mime":"application\/pdf","postname":"Customer Orders Report (1).pdf"},"signature":"[{\"email\":\"herukhoeruman110@gmail.com\",\"detail\":[{\"p\":1,\"x\":131,\"y\":81,\"w\":24,\"h\":12}]}]"}
2023-03-10 09:50:59 - Request : {"document":{"name":"C:\\xampp\\tmp\\phpBC59.tmp","mime":"application\/pdf","postname":"Dokumen v1.7.pdf"},"signature":"[{\"email\":\"herukhoeruman110@gmail.com\",\"detail\":[{\"p\":1,\"x\":0,\"y\":0,\"w\":0,\"h\":0}]}]"}
2023-03-10 09:51:51 - Request : {"document":{"name":"C:\\xampp\\tmp\\php895F.tmp","mime":"application\/pdf","postname":"Dokumen v1.7.pdf"},"signature":"[{\"email\":\"herukhoeruman110@gmail.com\",\"detail\":[{\"p\":1,\"x\":0,\"y\":0,\"w\":0,\"h\":0}]}]"}
2023-03-10 09:57:36 - Request : {"document":{"name":"C:\\xampp\\tmp\\phpCD08.tmp","mime":"application\/pdf","postname":"Dokumen v1.7.pdf"},"signature":"[{\"email\":\"herukhoeruman110@gmail.com\",\"detail\":[{\"p\":1,\"x\":166,\"y\":54,\"w\":24,\"h\":12}]}]"}
2023-03-10 10:06:23 - Request : {"document":{"name":"C:\\xampp\\tmp\\phpD724.tmp","mime":"application\/pdf","postname":"Dokumen v1.7.pdf"},"signature":"[{\"email\":\"herukhoeruman110@gmail.com\",\"detail\":[{\"p\":1,\"x\":184,\"y\":30,\"w\":24,\"h\":12}]}]"}
2023-03-10 10:06:43 - Request : {"document":{"name":"C:\\xampp\\tmp\\php2583.tmp","mime":"application\/pdf","postname":"Customer Orders Report.pdf"},"signature":"[{\"email\":\"herukhoeruman110@gmail.com\",\"detail\":[{\"p\":1,\"x\":128,\"y\":54,\"w\":24,\"h\":12}]}]"}
2023-03-10 13:58:57 - Request : {"document":{"name":"C:\\xampp\\tmp\\phpC306.tmp","mime":"application\/pdf","postname":"Customer Orders Report.pdf"},"signature":"[{\"email\":\"herukhoeruman110@gmail.com\",\"detail\":[{\"p\":1,\"x\":128,\"y\":54,\"w\":24,\"h\":12}]}]"}
2023-03-10 14:02:12 - Request : {"document":{"name":"C:\\xampp\\tmp\\phpBDD0.tmp","mime":"application\/pdf","postname":"Customer Orders Report.pdf"},"signature":"[{\"email\":\"herukhoeruman110@gmail.com\",\"detail\":[{\"p\":1,\"x\":128,\"y\":54,\"w\":24,\"h\":12}]}]"}
2023-03-10 14:02:29 - Request : {"document":{"name":"C:\\xampp\\tmp\\phpFF6E.tmp","mime":"application\/pdf","postname":"Customer Orders Report.pdf"},"signature":"[{\"email\":\"herukhoeruman110@gmail.com\",\"detail\":[{\"p\":1,\"x\":128,\"y\":54,\"w\":24,\"h\":12}]}]"}
2023-03-10 14:07:23 - Request : {"document":{"name":"C:\\xampp\\tmp\\php7AD5.tmp","mime":"application\/pdf","postname":"Customer Orders Report.pdf"},"signature":"[{\"email\":\"herukhoeruman110@gmail.com\",\"detail\":[{\"p\":1,\"x\":128,\"y\":54,\"w\":24,\"h\":12}]}]"}
2023-03-10 14:07:53 - Request : {"document":{"name":"C:\\xampp\\tmp\\phpF229.tmp","mime":"application\/pdf","postname":"Customer Orders Report.pdf"},"signature":"[{\"email\":\"herukhoeruman110@gmail.com\",\"detail\":[{\"p\":1,\"x\":128,\"y\":54,\"w\":24,\"h\":12}]}]"}
2023-03-10 14:08:38 - Request : {"document":{"name":"C:\\xampp\\tmp\\phpA31B.tmp","mime":"application\/pdf","postname":"Customer Orders Report.pdf"},"signature":"[{\"email\":\"herukhoeruman110@gmail.com\",\"detail\":[{\"p\":1,\"x\":128,\"y\":54,\"w\":24,\"h\":12}]}]"}
2023-03-10 14:08:58 - Request : {"document":{"name":"C:\\xampp\\tmp\\phpEE2F.tmp","mime":"application\/pdf","postname":"Customer Orders Report.pdf"},"signature":"[{\"email\":\"herukhoeruman110@gmail.com\",\"detail\":[{\"p\":1,\"x\":128,\"y\":54,\"w\":24,\"h\":12}]}]"}
2023-03-10 14:14:45 - Request : {"document":{"name":"C:\\xampp\\tmp\\php3C67.tmp","mime":"application\/pdf","postname":"Customer Orders Report.pdf"},"signature":"[{\"email\":\"herukhoeruman110@gmail.com\",\"detail\":[{\"p\":1,\"x\":128,\"y\":54,\"w\":24,\"h\":12}]}]"}
2023-03-10 14:16:29 - Request : {"document":{"name":"C:\\xampp\\tmp\\phpD0B4.tmp","mime":"application\/pdf","postname":"Customer Orders Report.pdf"},"signature":"[{\"email\":\"herukhoeruman110@gmail.com\",\"detail\":[{\"p\":1,\"x\":128,\"y\":54,\"w\":24,\"h\":12}]}]"}
2023-03-10 14:41:07 - Request : {"document":{"name":"C:\\xampp\\tmp\\php5DD7.tmp","mime":"application\/pdf","postname":"Dokumen v1.7.pdf"},"signature":"[{\"email\":\"heru@gsp.co.id\",\"detail\":[{\"p\":1,\"x\":91,\"y\":141,\"w\":30,\"h\":15}]}]"}
2023-03-10 14:41:07 - Response : 
2023-03-10 16:50:12 - Request : {"document":{"name":"C:\\xampp\\tmp\\php8C9A.tmp","mime":"application\/pdf","postname":"Dokumen1.7.pdf"},"signature":"[{\"email\":\"heru@gsp.co.id\",\"detail\":[{\"p\":1,\"x\":30,\"y\":97,\"w\":40,\"h\":20}]}]","ematerai":"{\"document_type\":\"Surat Berharga\",\"details\":[{\"x\":256,\"y\":270,\"page\":1}]}"}
2023-03-10 16:50:13 - Response : {"status":"OK","ref_id":"98a744cc-bf9a-4b3d-b635-ecab424a11cc","code":null,"timestamp":"2023-03-10T16:50:12+07:00","message":null,"data":{"id":"98a744cc-f4be-4000-8233-469fc07ed957","stamp":[],"sign":[{"teken_id":"HH283D00","email":"heru@gsp.co.id","url":"https:\/\/ttd.sandbox-111094.com\/ye56dERDtUNLSSh6"}]}}
